RX 0000001 SFF 00000001 7 HEX   11  FF  00  00  00  00  00     0108207061 20.04.2023 17:52:09.370 0031028144 3558121376
RX 0000002 SFF 00000001 7 HEX   11  00  9C  17  51  03  01     0108207289 20.04.2023 17:52:09.371 0031028144 3558131376
RX 0000003 SFF 00000002 6 HEX   11  00  9C  17  51  03         0108207517 20.04.2023 17:52:09.371 0031028144 3558131376

RX 0000004 SFF 00000001 6 HEX   19  00  EB  55  77  C3         0108208482 20.04.2023 17:52:09.372 0031028144 3558141376
RX 0000005 SFF 00000002 3 HEX   19  00  01                     0108208671 20.04.2023 17:52:09.372 0031028144 3558141376
RX 0000006 SFF 00000001 7 HEX   11  00  9C  17  51  03  01     0108209519 20.04.2023 17:52:09.373 0031028144 3558151376
RX 0000007 SFF 00000002 6 HEX   11  00  9C  17  51  03         0108209728 20.04.2023 17:52:09.373 0031028144 3558151376

RX 0000008 SFF 00000001 7 HEX   11  FF  00  00  00  00  00     0108210546 20.04.2023 17:52:09.374 0031028144 3558161376
RX 0000009 SFF 00000001 7 HEX   11  00  9C  17  51  03  01     0108210774 20.04.2023 17:52:09.374 0031028144 3558161376
RX 0000010 SFF 00000002 6 HEX   11  00  9C  17  51  03         0108211020 20.04.2023 17:52:09.374 0031028144 3558161376

RX 0000011 SFF 00000001 6 HEX   19  00  C6  08  B5  7E         0108211560 20.04.2023 17:52:09.375 0031028144 3558171376
RX 0000012 SFF 00000002 3 HEX   19  00  01                     0108211749 20.04.2023 17:52:09.375 0031028144 3558171376
RX 0000013 SFF 00000001 7 HEX   11  00  9C  17  51  03  00     0108212523 20.04.2023 17:52:09.376 0031028144 3558181376
RX 0000014 SFF 00000002 6 HEX   11  00  9C  17  51  03         0108212751 20.04.2023 17:52:09.376 0031028144 3558181376

RX 0000015 SFF 00000001 7 HEX   11  FF  00  00  00  00  00     0114537526 20.04.2023 17:52:15.701 0031028144 3621431376
RX 0000016 SFF 00000001 7 HEX   11  00  9C  17  51  03  01     0114537773 20.04.2023 17:52:15.701 0031028144 3621431376
RX 0000017 SFF 00000002 6 HEX   11  00  9C  17  51  03         0114537982 20.04.2023 17:52:15.701 0031028144 3621431376

RX 0000018 SFF 00000001 6 HEX   19  00  EB  55  77  C3         0114539170 20.04.2023 17:52:15.703 0031028144 3621451376
RX 0000019 SFF 00000002 3 HEX   19  00  01                     0114539358 20.04.2023 17:52:15.703 0031028144 3621451376
RX 0000020 SFF 00000001 7 HEX   11  00  9C  17  51  03  01     0114540058 20.04.2023 17:52:15.703 0031028144 3621451376
RX 0000021 SFF 00000002 6 HEX   11  00  9C  17  51  03         0114540305 20.04.2023 17:52:15.704 0031028144 3621461376

RX 0000022 SFF 00000001 7 HEX   11  FF  00  00  00  00  00     0114541030 20.04.2023 17:52:15.704 0031028144 3621461376
RX 0000023 SFF 00000001 7 HEX   11  00  9C  17  51  03  01     0114541258 20.04.2023 17:52:15.705 0031028144 3621471376
RX 0000024 SFF 00000002 6 HEX   11  00  9C  17  51  03         0114541504 20.04.2023 17:52:15.705 0031028144 3621471376

RX 0000025 SFF 00000001 6 HEX   19  00  C6  08  B5  7E         0114542007 20.04.2023 17:52:15.705 0031028144 3621471376
RX 0000026 SFF 00000002 3 HEX   19  00  01                     0114542196 20.04.2023 17:52:15.706 0031028144 3621481376
RX 0000027 SFF 00000001 7 HEX   11  00  9C  17  51  03  00     0114543099 20.04.2023 17:52:15.706 0031028144 3621481376
RX 0000028 SFF 00000002 6 HEX   11  00  9C  17  51  03         0114543327 20.04.2023 17:52:15.707 0031028144 3621491376
