RX 0000001 SFF 00000001 7 HEX   11  FF  00  00  00  00  00     0166017943 05.04.2023 17:11:22.505 0031025121 2775607184
RX 0000002 SFF 00000001 7 HEX   11  01  40  AF  35  9F  01     0166018189 05.04.2023 17:11:22.506 0031025121 2775617184
RX 0000003 SFF 00000002 6 HEX   11  01  40  AF  35  9F         0166018399 05.04.2023 17:11:22.506 0031025121 2775617184
RX 0000004 SFF 00000001 6 HEX   19  01  74  EA  D2  2E         0166019420 05.04.2023 17:11:22.507 0031025121 2775627184
RX 0000005 SFF 00000002 3 HEX   19  01  01                     0166019590 05.04.2023 17:11:22.507 0031025121 2775627184
RX 0000006 SFF 00000001 7 HEX   11  01  40  AF  35  9F  01     0166020530 05.04.2023 17:11:22.508 0031025121 2775637184
RX 0000007 SFF 00000002 6 HEX   11  01  40  AF  35  9F         0166020777 05.04.2023 17:11:22.508 0031025121 2775637184
RX 0000008 SFF 00000001 6 HEX   18  01  A9  31  BA  5D         0166021521 05.04.2023 17:11:22.509 0031025121 2775647184
RX 0000009 SFF 00000002 2 HEX   18  01                         0166021691 05.04.2023 17:11:22.509 0031025121 2775647184
RX 0000010 SFF 00000001 6 HEX   0D  01  00  0A  00  80         0166022481 05.04.2023 17:11:22.510 0031025121 2775657184
RX 0000011 SFF 00000002 2 HEX   0D  01                         0166022651 05.04.2023 17:11:22.510 0031025121 2775657184
RX 0000012 SFF 00000001 6 HEX   10  01  00  00  00  10         0166023552 05.04.2023 17:11:22.511 0031025121 2775667184
RX 0000013 SFF 00000002 6 HEX   10  01  8B  16  73  6D         0166023778 05.04.2023 17:11:22.511 0031025121 2775667184
RX 0000014 SFF 00000001 7 HEX   11  FF  00  00  00  00  00     0166024558 05.04.2023 17:11:22.512 0031025121 2775677184
RX 0000015 SFF 00000001 7 HEX   11  01  40  AF  35  9F  01     0166024786 05.04.2023 17:11:22.512 0031025121 2775677184
RX 0000016 SFF 00000002 6 HEX   11  01  40  AF  35  9F         0166025014 05.04.2023 17:11:22.512 0031025121 2775677184
RX 0000017 SFF 00000001 6 HEX   19  01  AF  A7  70  0A         0166025518 05.04.2023 17:11:22.513 0031025121 2775687184
RX 0000018 SFF 00000002 3 HEX   19  01  01                     0166025706 05.04.2023 17:11:22.513 0031025121 2775687184
RX 0000019 SFF 00000001 7 HEX   11  01  40  AF  35  9F  00     0166026536 05.04.2023 17:11:22.514 0031025121 2775697184
RX 0000020 SFF 00000002 6 HEX   11  01  40  AF  35  9F         0166026782 05.04.2023 17:11:22.514 0031025121 2775697184
