RX 0000001 SFF 00000001 7 HEX   11  FF  00  00  00  00  00     0113244006 05.04.2023 17:10:29.731 0031025121 2247867184
RX 0000002 SFF 00000001 7 HEX   11  01  40  AF  35  9F  01     0113244234 05.04.2023 17:10:29.732 0031025121 2247877184
RX 0000003 SFF 00000002 6 HEX   11  01  40  AF  35  9F         0113244462 05.04.2023 17:10:29.732 0031025121 2247877184


RX 0000004 SFF 00000001 6 HEX   19  01  74  EA  D2  2E         0113245576 05.04.2023 17:10:29.733 0031025121 2247887184
RX 0000005 SFF 00000002 3 HEX   19  01  01                     0113245765 05.04.2023 17:10:29.733 0031025121 2247887184
RX 0000006 SFF 00000001 7 HEX   11  01  40  AF  35  9F  01     0113246631 05.04.2023 17:10:29.734 0031025121 2247897184
RX 0000007 SFF 00000002 6 HEX   11  01  40  AF  35  9F         0113246859 05.04.2023 17:10:29.734 0031025121 2247897184

+++++++++++++++++++++++++++++++++++++++++++++++++++
RX 0000008 SFF 00000001 6 HEX   18  01  A9  31  BA  5D         0113247677 05.04.2023 17:10:29.735 0031025121 2247907184
RX 0000009 SFF 00000002 2 HEX   18  01                         0113247828 05.04.2023 17:10:29.735 0031025121 2247907184
RX 0000010 SFF 00000001 6 HEX   0D  01  00  0A  00  80         0113248618 05.04.2023 17:10:29.736 0031025121 2247917184
RX 0000011 SFF 00000002 2 HEX   0D  01                         0113248751 05.04.2023 17:10:29.736 0031025121 2247917184
RX 0000012 SFF 00000001 6 HEX   10  01  00  00  00  10         0113249634 05.04.2023 17:10:29.737 0031025121 2247927184
RX 0000013 SFF 00000002 6 HEX   10  01  8B  16  73  6D         0113249878 05.04.2023 17:10:29.737 0031025121 2247927184
++++++++++++++++++++++++++++++++++++++++++++++++++++++++++++

RX 0000014 SFF 00000001 7 HEX   11  FF  00  00  00  00  00     0113250695 05.04.2023 17:10:29.738 0031025121 2247937184
RX 0000015 SFF 00000001 7 HEX   11  01  40  AF  35  9F  01     0113250923 05.04.2023 17:10:29.738 0031025121 2247937184
RX 0000016 SFF 00000002 6 HEX   11  01  40  AF  35  9F         0113251169 05.04.2023 17:10:29.739 0031025121 2247947184


RX 0000017 SFF 00000001 6 HEX   19  01  AF  A7  70  0A         0113252653 05.04.2023 17:10:29.740 0031025121 2247957184
RX 0000018 SFF 00000002 3 HEX   19  01  01                     0113252823 05.04.2023 17:10:29.740 0031025121 2247957184
RX 0000019 SFF 00000001 7 HEX   11  01  40  AF  35  9F  00     0113253634 05.04.2023 17:10:29.741 0031025121 2247967184
RX 0000020 SFF 00000002 6 HEX   11  01  40  AF  35  9F         0113253862 05.04.2023 17:10:29.741 0031025121 2247967184
